<?xml version="1.0" encoding="UTF-8"?>
<testsuite name="tak.server.MissionAuthorizationTests" tests="2" skipped="0" failures="0" errors="0" timestamp="2025-03-19T02:50:08" hostname="lenss-10" time="2.305">
  <properties/>
  <testcase name="testMissionRoles" classname="tak.server.MissionAuthorizationTests" time="0.007"/>
  <testcase name="testMissionToken" classname="tak.server.MissionAuthorizationTests" time="2.295"/>
  <system-out><![CDATA[21:50:08.717 [Test worker] DEBUG o.s.t.c.s.DefaultTestContextBootstrapper - Using ContextCustomizers for test class [MissionAuthorizationTests]: [DisableObservabilityContextCustomizer, PropertyMappingContextCustomizer, WebDriverContextCustomizer, ExcludeFilterContextCustomizer, DuplicateJsonObjectContextCustomizer, MockitoContextCustomizer]
21:50:08.720 [Test worker] DEBUG o.s.t.c.u.TestContextSpringFactoriesUtils - Skipping candidate TestExecutionListener [org.springframework.test.context.observation.MicrometerObservationRegistryTestExecutionListener] due to a missing dependency. Specify custom TestExecutionListener classes or make the default TestExecutionListener classes and their required dependencies available. Offending class: io.micrometer.context.ThreadLocalAccessor. MicrometerObservationRegistryTestExecutionListener requires io.micrometer:micrometer-observation:1.10.8 or higher and io.micrometer:context-propagation:1.0.3 or higher.
21:50:08.721 [Test worker] DEBUG o.s.t.c.s.DefaultTestContextBootstrapper - Using TestExecutionListeners for test class [MissionAuthorizationTests]: [ServletTestExecutionListener, DirtiesContextBeforeModesTestExecutionListener, ApplicationEventsTestExecutionListener, MockitoTestExecutionListener, DependencyInjectionTestExecutionListener, DirtiesContextTestExecutionListener, TransactionalTestExecutionListener, SqlScriptsTestExecutionListener, EventPublishingTestExecutionListener, RestDocsTestExecutionListener, MockRestServiceServerResetTestExecutionListener, MockMvcPrintOnlyOnFailureTestExecutionListener, WebDriverTestExecutionListener, MockWebServiceServerTestExecutionListener, ResetMocksTestExecutionListener]
21:50:08.722 [Test worker] DEBUG o.s.t.annotation.ProfileValueUtils - Retrieved @ProfileValueSourceConfiguration [null] for test class [tak.server.MissionAuthorizationTests]
21:50:08.722 [Test worker] DEBUG o.s.t.annotation.ProfileValueUtils - Retrieved ProfileValueSource type [class org.springframework.test.annotation.SystemProfileValueSource] for class [tak.server.MissionAuthorizationTests]
21:50:08.722 [Test worker] DEBUG o.s.t.annotation.ProfileValueUtils - Retrieved @ProfileValueSourceConfiguration [null] for test class [tak.server.MissionAuthorizationTests]
21:50:08.722 [Test worker] DEBUG o.s.t.annotation.ProfileValueUtils - Retrieved ProfileValueSource type [class org.springframework.test.annotation.SystemProfileValueSource] for class [tak.server.MissionAuthorizationTests]
21:50:08.722 [Test worker] DEBUG o.s.t.c.s.DirtiesContextBeforeModesTestExecutionListener - Before test class: class [MissionAuthorizationTests], class annotated with @DirtiesContext [false] with mode [null]
21:50:08.722 [Test worker] DEBUG o.springframework.test.context.cache - Spring test ApplicationContext cache statistics: [DefaultContextCache@1d38cdde size = 1, maxSize = 32, parentContextCount = 0, hitCount = 150, missCount = 1]
21:50:08.723 [Test worker] DEBUG o.s.t.annotation.ProfileValueUtils - Retrieved @ProfileValueSourceConfiguration [null] for test class [tak.server.MissionAuthorizationTests]
21:50:08.723 [Test worker] DEBUG o.s.t.annotation.ProfileValueUtils - Retrieved ProfileValueSource type [class org.springframework.test.annotation.SystemProfileValueSource] for class [tak.server.MissionAuthorizationTests]
21:50:08.723 [Test worker] DEBUG o.s.t.c.s.DependencyInjectionTestExecutionListener - Performing dependency injection for test class tak.server.MissionAuthorizationTests
21:50:08.723 [Test worker] DEBUG o.springframework.test.context.cache - Spring test ApplicationContext cache statistics: [DefaultContextCache@1d38cdde size = 1, maxSize = 32, parentContextCount = 0, hitCount = 151, missCount = 1]
21:50:08.727 [Test worker] DEBUG o.springframework.test.context.cache - Spring test ApplicationContext cache statistics: [DefaultContextCache@1d38cdde size = 1, maxSize = 32, parentContextCount = 0, hitCount = 152, missCount = 1]
21:50:08.727 [Test worker] DEBUG o.s.t.c.s.DirtiesContextBeforeModesTestExecutionListener - Before test method: class [MissionAuthorizationTests], method [testMissionRoles], class annotated with @DirtiesContext [false] with mode [null], method annotated with @DirtiesContext [false] with mode [null]
21:50:08.728 [Test worker] DEBUG o.springframework.test.context.cache - Spring test ApplicationContext cache statistics: [DefaultContextCache@1d38cdde size = 1, maxSize = 32, parentContextCount = 0, hitCount = 153, missCount = 1]
21:50:08.728 [Test worker] DEBUG o.springframework.test.context.cache - Spring test ApplicationContext cache statistics: [DefaultContextCache@1d38cdde size = 1, maxSize = 32, parentContextCount = 0, hitCount = 154, missCount = 1]
21:50:08.728 [Test worker] DEBUG o.springframework.test.context.cache - Spring test ApplicationContext cache statistics: [DefaultContextCache@1d38cdde size = 1, maxSize = 32, parentContextCount = 0, hitCount = 155, missCount = 1]
21:50:08.732 [Test worker] DEBUG o.springframework.test.context.cache - Spring test ApplicationContext cache statistics: [DefaultContextCache@1d38cdde size = 1, maxSize = 32, parentContextCount = 0, hitCount = 156, missCount = 1]
21:50:08.732 [Test worker] DEBUG o.springframework.test.context.cache - Spring test ApplicationContext cache statistics: [DefaultContextCache@1d38cdde size = 1, maxSize = 32, parentContextCount = 0, hitCount = 157, missCount = 1]
21:50:08.733 [Test worker] DEBUG o.springframework.test.context.cache - Spring test ApplicationContext cache statistics: [DefaultContextCache@1d38cdde size = 1, maxSize = 32, parentContextCount = 0, hitCount = 158, missCount = 1]
21:50:08.733 [Test worker] DEBUG o.springframework.test.context.cache - Spring test ApplicationContext cache statistics: [DefaultContextCache@1d38cdde size = 1, maxSize = 32, parentContextCount = 0, hitCount = 159, missCount = 1]
21:50:08.733 [Test worker] DEBUG o.springframework.test.context.cache - Spring test ApplicationContext cache statistics: [DefaultContextCache@1d38cdde size = 1, maxSize = 32, parentContextCount = 0, hitCount = 160, missCount = 1]
21:50:08.733 [Test worker] DEBUG o.springframework.test.context.cache - Spring test ApplicationContext cache statistics: [DefaultContextCache@1d38cdde size = 1, maxSize = 32, parentContextCount = 0, hitCount = 161, missCount = 1]
21:50:08.733 [Test worker] DEBUG o.s.t.c.s.DirtiesContextTestExecutionListener - After test method: class [MissionAuthorizationTests], method [testMissionRoles], class annotated with @DirtiesContext [false] with mode [null], method annotated with @DirtiesContext [false] with mode [null]
21:50:08.736 [Test worker] DEBUG o.s.t.annotation.ProfileValueUtils - Retrieved @ProfileValueSourceConfiguration [null] for test class [tak.server.MissionAuthorizationTests]
21:50:08.736 [Test worker] DEBUG o.s.t.annotation.ProfileValueUtils - Retrieved ProfileValueSource type [class org.springframework.test.annotation.SystemProfileValueSource] for class [tak.server.MissionAuthorizationTests]
21:50:08.737 [Test worker] DEBUG o.s.t.c.s.DependencyInjectionTestExecutionListener - Performing dependency injection for test class tak.server.MissionAuthorizationTests
21:50:08.737 [Test worker] DEBUG o.springframework.test.context.cache - Spring test ApplicationContext cache statistics: [DefaultContextCache@1d38cdde size = 1, maxSize = 32, parentContextCount = 0, hitCount = 162, missCount = 1]
21:50:08.737 [Test worker] DEBUG o.springframework.test.context.cache - Spring test ApplicationContext cache statistics: [DefaultContextCache@1d38cdde size = 1, maxSize = 32, parentContextCount = 0, hitCount = 163, missCount = 1]
21:50:08.737 [Test worker] DEBUG o.s.t.c.s.DirtiesContextBeforeModesTestExecutionListener - Before test method: class [MissionAuthorizationTests], method [testMissionToken], class annotated with @DirtiesContext [false] with mode [null], method annotated with @DirtiesContext [false] with mode [null]
21:50:08.738 [Test worker] DEBUG o.springframework.test.context.cache - Spring test ApplicationContext cache statistics: [DefaultContextCache@1d38cdde size = 1, maxSize = 32, parentContextCount = 0, hitCount = 164, missCount = 1]
21:50:08.738 [Test worker] DEBUG o.springframework.test.context.cache - Spring test ApplicationContext cache statistics: [DefaultContextCache@1d38cdde size = 1, maxSize = 32, parentContextCount = 0, hitCount = 165, missCount = 1]
21:50:08.738 [Test worker] DEBUG o.springframework.test.context.cache - Spring test ApplicationContext cache statistics: [DefaultContextCache@1d38cdde size = 1, maxSize = 32, parentContextCount = 0, hitCount = 166, missCount = 1]
21:50:11.029 [Test worker] DEBUG o.springframework.test.context.cache - Spring test ApplicationContext cache statistics: [DefaultContextCache@1d38cdde size = 1, maxSize = 32, parentContextCount = 0, hitCount = 167, missCount = 1]
21:50:11.029 [Test worker] DEBUG o.springframework.test.context.cache - Spring test ApplicationContext cache statistics: [DefaultContextCache@1d38cdde size = 1, maxSize = 32, parentContextCount = 0, hitCount = 168, missCount = 1]
21:50:11.030 [Test worker] DEBUG o.springframework.test.context.cache - Spring test ApplicationContext cache statistics: [DefaultContextCache@1d38cdde size = 1, maxSize = 32, parentContextCount = 0, hitCount = 169, missCount = 1]
21:50:11.030 [Test worker] DEBUG o.springframework.test.context.cache - Spring test ApplicationContext cache statistics: [DefaultContextCache@1d38cdde size = 1, maxSize = 32, parentContextCount = 0, hitCount = 170, missCount = 1]
21:50:11.030 [Test worker] DEBUG o.springframework.test.context.cache - Spring test ApplicationContext cache statistics: [DefaultContextCache@1d38cdde size = 1, maxSize = 32, parentContextCount = 0, hitCount = 171, missCount = 1]
21:50:11.030 [Test worker] DEBUG o.springframework.test.context.cache - Spring test ApplicationContext cache statistics: [DefaultContextCache@1d38cdde size = 1, maxSize = 32, parentContextCount = 0, hitCount = 172, missCount = 1]
21:50:11.031 [Test worker] DEBUG o.s.t.c.s.DirtiesContextTestExecutionListener - After test method: class [MissionAuthorizationTests], method [testMissionToken], class annotated with @DirtiesContext [false] with mode [null], method annotated with @DirtiesContext [false] with mode [null]
21:50:11.031 [Test worker] DEBUG o.springframework.test.context.cache - Spring test ApplicationContext cache statistics: [DefaultContextCache@1d38cdde size = 1, maxSize = 32, parentContextCount = 0, hitCount = 173, missCount = 1]
21:50:11.031 [Test worker] DEBUG o.s.t.c.s.DirtiesContextTestExecutionListener - After test class: class [MissionAuthorizationTests], class annotated with @DirtiesContext [false] with mode [null]
]]></system-out>
  <system-err><![CDATA[]]></system-err>
</testsuite>
