<?xml version="1.0" encoding="UTF-8"?>
<testsuite name="tak.server.TakMessageConversionTests" tests="1" skipped="0" failures="0" errors="0" timestamp="2025-03-19T02:50:11" hostname="lenss-10" time="0.016">
  <properties/>
  <testcase name="serializeMessageTest" classname="tak.server.TakMessageConversionTests" time="0.016"/>
  <system-out><![CDATA[21:50:11.411 [Test worker] DEBUG o.s.t.c.s.DefaultTestContextBootstrapper - Using ContextCustomizers for test class [TakMessageConversionTests]: [DisableObservabilityContextCustomizer, PropertyMappingContextCustomizer, WebDriverContextCustomizer, ExcludeFilterContextCustomizer, DuplicateJsonObjectContextCustomizer, MockitoContextCustomizer]
21:50:11.412 [Test worker] DEBUG o.s.t.c.u.TestContextSpringFactoriesUtils - Skipping candidate TestExecutionListener [org.springframework.test.context.observation.MicrometerObservationRegistryTestExecutionListener] due to a missing dependency. Specify custom TestExecutionListener classes or make the default TestExecutionListener classes and their required dependencies available. Offending class: io.micrometer.context.ThreadLocalAccessor. MicrometerObservationRegistryTestExecutionListener requires io.micrometer:micrometer-observation:1.10.8 or higher and io.micrometer:context-propagation:1.0.3 or higher.
21:50:11.413 [Test worker] DEBUG o.s.t.c.s.DefaultTestContextBootstrapper - Using TestExecutionListeners for test class [TakMessageConversionTests]: [ServletTestExecutionListener, DirtiesContextBeforeModesTestExecutionListener, ApplicationEventsTestExecutionListener, MockitoTestExecutionListener, DependencyInjectionTestExecutionListener, DirtiesContextTestExecutionListener, TransactionalTestExecutionListener, SqlScriptsTestExecutionListener, EventPublishingTestExecutionListener, RestDocsTestExecutionListener, MockRestServiceServerResetTestExecutionListener, MockMvcPrintOnlyOnFailureTestExecutionListener, WebDriverTestExecutionListener, MockWebServiceServerTestExecutionListener, ResetMocksTestExecutionListener]
21:50:11.413 [Test worker] DEBUG o.s.t.annotation.ProfileValueUtils - Retrieved @ProfileValueSourceConfiguration [null] for test class [tak.server.TakMessageConversionTests]
21:50:11.413 [Test worker] DEBUG o.s.t.annotation.ProfileValueUtils - Retrieved ProfileValueSource type [class org.springframework.test.annotation.SystemProfileValueSource] for class [tak.server.TakMessageConversionTests]
21:50:11.413 [Test worker] DEBUG o.s.t.annotation.ProfileValueUtils - Retrieved @ProfileValueSourceConfiguration [null] for test class [tak.server.TakMessageConversionTests]
21:50:11.413 [Test worker] DEBUG o.s.t.annotation.ProfileValueUtils - Retrieved ProfileValueSource type [class org.springframework.test.annotation.SystemProfileValueSource] for class [tak.server.TakMessageConversionTests]
21:50:11.413 [Test worker] DEBUG o.s.t.c.s.DirtiesContextBeforeModesTestExecutionListener - Before test class: class [TakMessageConversionTests], class annotated with @DirtiesContext [false] with mode [null]
21:50:11.413 [Test worker] DEBUG o.springframework.test.context.cache - Spring test ApplicationContext cache statistics: [DefaultContextCache@1d38cdde size = 1, maxSize = 32, parentContextCount = 0, hitCount = 413, missCount = 1]
21:50:11.413 [Test worker] DEBUG o.s.t.annotation.ProfileValueUtils - Retrieved @ProfileValueSourceConfiguration [null] for test class [tak.server.TakMessageConversionTests]
21:50:11.413 [Test worker] DEBUG o.s.t.annotation.ProfileValueUtils - Retrieved ProfileValueSource type [class org.springframework.test.annotation.SystemProfileValueSource] for class [tak.server.TakMessageConversionTests]
21:50:11.415 [Test worker] DEBUG o.s.t.c.s.DependencyInjectionTestExecutionListener - Performing dependency injection for test class tak.server.TakMessageConversionTests
21:50:11.415 [Test worker] DEBUG o.springframework.test.context.cache - Spring test ApplicationContext cache statistics: [DefaultContextCache@1d38cdde size = 1, maxSize = 32, parentContextCount = 0, hitCount = 414, missCount = 1]
21:50:11.416 [Test worker] DEBUG o.springframework.test.context.cache - Spring test ApplicationContext cache statistics: [DefaultContextCache@1d38cdde size = 1, maxSize = 32, parentContextCount = 0, hitCount = 415, missCount = 1]
21:50:11.416 [Test worker] DEBUG o.s.t.c.s.DirtiesContextBeforeModesTestExecutionListener - Before test method: class [TakMessageConversionTests], method [serializeMessageTest], class annotated with @DirtiesContext [false] with mode [null], method annotated with @DirtiesContext [false] with mode [null]
21:50:11.417 [Test worker] DEBUG o.springframework.test.context.cache - Spring test ApplicationContext cache statistics: [DefaultContextCache@1d38cdde size = 1, maxSize = 32, parentContextCount = 0, hitCount = 416, missCount = 1]
21:50:11.417 [Test worker] DEBUG o.springframework.test.context.cache - Spring test ApplicationContext cache statistics: [DefaultContextCache@1d38cdde size = 1, maxSize = 32, parentContextCount = 0, hitCount = 417, missCount = 1]
21:50:11.417 [Test worker] DEBUG o.springframework.test.context.cache - Spring test ApplicationContext cache statistics: [DefaultContextCache@1d38cdde size = 1, maxSize = 32, parentContextCount = 0, hitCount = 418, missCount = 1]
21:50:11.428 [Test worker] DEBUG o.springframework.test.context.cache - Spring test ApplicationContext cache statistics: [DefaultContextCache@1d38cdde size = 1, maxSize = 32, parentContextCount = 0, hitCount = 419, missCount = 1]
21:50:11.429 [Test worker] DEBUG o.springframework.test.context.cache - Spring test ApplicationContext cache statistics: [DefaultContextCache@1d38cdde size = 1, maxSize = 32, parentContextCount = 0, hitCount = 420, missCount = 1]
21:50:11.430 [Test worker] DEBUG o.springframework.test.context.cache - Spring test ApplicationContext cache statistics: [DefaultContextCache@1d38cdde size = 1, maxSize = 32, parentContextCount = 0, hitCount = 421, missCount = 1]
21:50:11.430 [Test worker] DEBUG o.springframework.test.context.cache - Spring test ApplicationContext cache statistics: [DefaultContextCache@1d38cdde size = 1, maxSize = 32, parentContextCount = 0, hitCount = 422, missCount = 1]
21:50:11.430 [Test worker] DEBUG o.springframework.test.context.cache - Spring test ApplicationContext cache statistics: [DefaultContextCache@1d38cdde size = 1, maxSize = 32, parentContextCount = 0, hitCount = 423, missCount = 1]
21:50:11.431 [Test worker] DEBUG o.springframework.test.context.cache - Spring test ApplicationContext cache statistics: [DefaultContextCache@1d38cdde size = 1, maxSize = 32, parentContextCount = 0, hitCount = 424, missCount = 1]
21:50:11.432 [Test worker] DEBUG o.s.t.c.s.DirtiesContextTestExecutionListener - After test method: class [TakMessageConversionTests], method [serializeMessageTest], class annotated with @DirtiesContext [false] with mode [null], method annotated with @DirtiesContext [false] with mode [null]
21:50:11.432 [Test worker] DEBUG o.springframework.test.context.cache - Spring test ApplicationContext cache statistics: [DefaultContextCache@1d38cdde size = 1, maxSize = 32, parentContextCount = 0, hitCount = 425, missCount = 1]
21:50:11.432 [Test worker] DEBUG o.s.t.c.s.DirtiesContextTestExecutionListener - After test class: class [TakMessageConversionTests], class annotated with @DirtiesContext [false] with mode [null]
]]></system-out>
  <system-err><![CDATA[]]></system-err>
</testsuite>
