<?xml version="1.0" encoding="UTF-8"?>
<testsuite name="tak.server.InputControlMessageTests" tests="6" skipped="0" failures="0" errors="0" timestamp="2025-03-19T02:50:06" hostname="lenss-10" time="0.269">
  <properties/>
  <testcase name="serializeInput" classname="tak.server.InputControlMessageTests" time="0.095"/>
  <testcase name="rolSerializeDeserialize" classname="tak.server.InputControlMessageTests" time="0.015"/>
  <testcase name="rolDeleteInput" classname="tak.server.InputControlMessageTests" time="0.055"/>
  <testcase name="rolModifyInput" classname="tak.server.InputControlMessageTests" time="0.079"/>
  <testcase name="serializeAndDeserializeInput" classname="tak.server.InputControlMessageTests" time="0.005"/>
  <testcase name="rolAddInput" classname="tak.server.InputControlMessageTests" time="0.014"/>
  <system-out><![CDATA[21:50:06.966 [Test worker] DEBUG o.s.t.c.s.DefaultTestContextBootstrapper - Using ContextCustomizers for test class [InputControlMessageTests]: [DisableObservabilityContextCustomizer, PropertyMappingContextCustomizer, WebDriverContextCustomizer, ExcludeFilterContextCustomizer, DuplicateJsonObjectContextCustomizer, MockitoContextCustomizer]
21:50:06.967 [Test worker] DEBUG o.s.t.c.u.TestContextSpringFactoriesUtils - Skipping candidate TestExecutionListener [org.springframework.test.context.observation.MicrometerObservationRegistryTestExecutionListener] due to a missing dependency. Specify custom TestExecutionListener classes or make the default TestExecutionListener classes and their required dependencies available. Offending class: io.micrometer.context.ThreadLocalAccessor. MicrometerObservationRegistryTestExecutionListener requires io.micrometer:micrometer-observation:1.10.8 or higher and io.micrometer:context-propagation:1.0.3 or higher.
21:50:06.967 [Test worker] DEBUG o.s.t.c.s.DefaultTestContextBootstrapper - Using TestExecutionListeners for test class [InputControlMessageTests]: [ServletTestExecutionListener, DirtiesContextBeforeModesTestExecutionListener, ApplicationEventsTestExecutionListener, MockitoTestExecutionListener, DependencyInjectionTestExecutionListener, DirtiesContextTestExecutionListener, TransactionalTestExecutionListener, SqlScriptsTestExecutionListener, EventPublishingTestExecutionListener, RestDocsTestExecutionListener, MockRestServiceServerResetTestExecutionListener, MockMvcPrintOnlyOnFailureTestExecutionListener, WebDriverTestExecutionListener, MockWebServiceServerTestExecutionListener, ResetMocksTestExecutionListener]
21:50:06.968 [Test worker] DEBUG o.s.t.annotation.ProfileValueUtils - Retrieved @ProfileValueSourceConfiguration [null] for test class [tak.server.InputControlMessageTests]
21:50:06.968 [Test worker] DEBUG o.s.t.annotation.ProfileValueUtils - Retrieved ProfileValueSource type [class org.springframework.test.annotation.SystemProfileValueSource] for class [tak.server.InputControlMessageTests]
21:50:06.968 [Test worker] DEBUG o.s.t.annotation.ProfileValueUtils - Retrieved @ProfileValueSourceConfiguration [null] for test class [tak.server.InputControlMessageTests]
21:50:06.968 [Test worker] DEBUG o.s.t.annotation.ProfileValueUtils - Retrieved ProfileValueSource type [class org.springframework.test.annotation.SystemProfileValueSource] for class [tak.server.InputControlMessageTests]
21:50:06.968 [Test worker] DEBUG o.s.t.c.s.DirtiesContextBeforeModesTestExecutionListener - Before test class: class [InputControlMessageTests], class annotated with @DirtiesContext [false] with mode [null]
21:50:06.968 [Test worker] DEBUG o.springframework.test.context.cache - Spring test ApplicationContext cache statistics: [DefaultContextCache@1d38cdde size = 1, maxSize = 32, parentContextCount = 0, hitCount = 82, missCount = 1]
21:50:06.968 [Test worker] DEBUG o.s.t.annotation.ProfileValueUtils - Retrieved @ProfileValueSourceConfiguration [null] for test class [tak.server.InputControlMessageTests]
21:50:06.968 [Test worker] DEBUG o.s.t.annotation.ProfileValueUtils - Retrieved ProfileValueSource type [class org.springframework.test.annotation.SystemProfileValueSource] for class [tak.server.InputControlMessageTests]
21:50:06.969 [Test worker] DEBUG o.s.t.c.s.DependencyInjectionTestExecutionListener - Performing dependency injection for test class tak.server.InputControlMessageTests
21:50:06.969 [Test worker] DEBUG o.springframework.test.context.cache - Spring test ApplicationContext cache statistics: [DefaultContextCache@1d38cdde size = 1, maxSize = 32, parentContextCount = 0, hitCount = 83, missCount = 1]
21:50:06.970 [Test worker] DEBUG o.springframework.test.context.cache - Spring test ApplicationContext cache statistics: [DefaultContextCache@1d38cdde size = 1, maxSize = 32, parentContextCount = 0, hitCount = 84, missCount = 1]
21:50:06.970 [Test worker] DEBUG o.s.t.c.s.DirtiesContextBeforeModesTestExecutionListener - Before test method: class [InputControlMessageTests], method [serializeInput], class annotated with @DirtiesContext [false] with mode [null], method annotated with @DirtiesContext [false] with mode [null]
21:50:06.970 [Test worker] DEBUG o.springframework.test.context.cache - Spring test ApplicationContext cache statistics: [DefaultContextCache@1d38cdde size = 1, maxSize = 32, parentContextCount = 0, hitCount = 85, missCount = 1]
21:50:06.970 [Test worker] DEBUG o.springframework.test.context.cache - Spring test ApplicationContext cache statistics: [DefaultContextCache@1d38cdde size = 1, maxSize = 32, parentContextCount = 0, hitCount = 86, missCount = 1]
21:50:06.971 [Test worker] DEBUG o.springframework.test.context.cache - Spring test ApplicationContext cache statistics: [DefaultContextCache@1d38cdde size = 1, maxSize = 32, parentContextCount = 0, hitCount = 87, missCount = 1]
21:50:07.056 [Test worker] DEBUG tak.server.InputControlMessageTests - serialized clusterInputMessage: {"context":{},"messagePayload":"{\"filtergroup\":[],\"filter\":null,\"auth\":\"X_509\",\"authRequired\":false,\"name\":\"myinput\",\"protocol\":null,\"port\":9999,\"group\":null,\"iface\":null,\"archive\":true,\"anongroup\":null,\"archiveOnly\":false,\"coreVersion\":2,\"syncCacheRetentionSeconds\":3600,\"maxMessageReadSizeBytes\":2048,\"coreVersion2TlsVersions\":\"TLSv1.2,TLSv1.3\",\"federated\":true,\"binaryPayloadWebsocketOnly\":false,\"quicConnectionTimeoutSeconds\":90}","sourceNode":"5477c6cefada4a04b06fd482229e35b6"}
21:50:07.062 [Test worker] DEBUG o.springframework.test.context.cache - Spring test ApplicationContext cache statistics: [DefaultContextCache@1d38cdde size = 1, maxSize = 32, parentContextCount = 0, hitCount = 88, missCount = 1]
21:50:07.064 [Test worker] DEBUG o.springframework.test.context.cache - Spring test ApplicationContext cache statistics: [DefaultContextCache@1d38cdde size = 1, maxSize = 32, parentContextCount = 0, hitCount = 89, missCount = 1]
21:50:07.065 [Test worker] DEBUG o.springframework.test.context.cache - Spring test ApplicationContext cache statistics: [DefaultContextCache@1d38cdde size = 1, maxSize = 32, parentContextCount = 0, hitCount = 90, missCount = 1]
21:50:07.065 [Test worker] DEBUG o.springframework.test.context.cache - Spring test ApplicationContext cache statistics: [DefaultContextCache@1d38cdde size = 1, maxSize = 32, parentContextCount = 0, hitCount = 91, missCount = 1]
21:50:07.065 [Test worker] DEBUG o.springframework.test.context.cache - Spring test ApplicationContext cache statistics: [DefaultContextCache@1d38cdde size = 1, maxSize = 32, parentContextCount = 0, hitCount = 92, missCount = 1]
21:50:07.065 [Test worker] DEBUG o.springframework.test.context.cache - Spring test ApplicationContext cache statistics: [DefaultContextCache@1d38cdde size = 1, maxSize = 32, parentContextCount = 0, hitCount = 93, missCount = 1]
21:50:07.066 [Test worker] DEBUG o.s.t.c.s.DirtiesContextTestExecutionListener - After test method: class [InputControlMessageTests], method [serializeInput], class annotated with @DirtiesContext [false] with mode [null], method annotated with @DirtiesContext [false] with mode [null]
21:50:07.066 [Test worker] DEBUG o.s.t.annotation.ProfileValueUtils - Retrieved @ProfileValueSourceConfiguration [null] for test class [tak.server.InputControlMessageTests]
21:50:07.066 [Test worker] DEBUG o.s.t.annotation.ProfileValueUtils - Retrieved ProfileValueSource type [class org.springframework.test.annotation.SystemProfileValueSource] for class [tak.server.InputControlMessageTests]
21:50:07.066 [Test worker] DEBUG o.s.t.c.s.DependencyInjectionTestExecutionListener - Performing dependency injection for test class tak.server.InputControlMessageTests
21:50:07.066 [Test worker] DEBUG o.springframework.test.context.cache - Spring test ApplicationContext cache statistics: [DefaultContextCache@1d38cdde size = 1, maxSize = 32, parentContextCount = 0, hitCount = 94, missCount = 1]
21:50:07.067 [Test worker] DEBUG o.springframework.test.context.cache - Spring test ApplicationContext cache statistics: [DefaultContextCache@1d38cdde size = 1, maxSize = 32, parentContextCount = 0, hitCount = 95, missCount = 1]
21:50:07.067 [Test worker] DEBUG o.s.t.c.s.DirtiesContextBeforeModesTestExecutionListener - Before test method: class [InputControlMessageTests], method [rolSerializeDeserialize], class annotated with @DirtiesContext [false] with mode [null], method annotated with @DirtiesContext [false] with mode [null]
21:50:07.067 [Test worker] DEBUG o.springframework.test.context.cache - Spring test ApplicationContext cache statistics: [DefaultContextCache@1d38cdde size = 1, maxSize = 32, parentContextCount = 0, hitCount = 96, missCount = 1]
21:50:07.068 [Test worker] DEBUG o.springframework.test.context.cache - Spring test ApplicationContext cache statistics: [DefaultContextCache@1d38cdde size = 1, maxSize = 32, parentContextCount = 0, hitCount = 97, missCount = 1]
21:50:07.068 [Test worker] DEBUG o.springframework.test.context.cache - Spring test ApplicationContext cache statistics: [DefaultContextCache@1d38cdde size = 1, maxSize = 32, parentContextCount = 0, hitCount = 98, missCount = 1]
21:50:07.079 [Test worker] DEBUG tak.server.InputControlMessageTests - rol proto string: 
?dummy
21:50:07.080 [Test worker] DEBUG o.springframework.test.context.cache - Spring test ApplicationContext cache statistics: [DefaultContextCache@1d38cdde size = 1, maxSize = 32, parentContextCount = 0, hitCount = 99, missCount = 1]
21:50:07.080 [Test worker] DEBUG o.springframework.test.context.cache - Spring test ApplicationContext cache statistics: [DefaultContextCache@1d38cdde size = 1, maxSize = 32, parentContextCount = 0, hitCount = 100, missCount = 1]
21:50:07.080 [Test worker] DEBUG o.springframework.test.context.cache - Spring test ApplicationContext cache statistics: [DefaultContextCache@1d38cdde size = 1, maxSize = 32, parentContextCount = 0, hitCount = 101, missCount = 1]
21:50:07.080 [Test worker] DEBUG o.springframework.test.context.cache - Spring test ApplicationContext cache statistics: [DefaultContextCache@1d38cdde size = 1, maxSize = 32, parentContextCount = 0, hitCount = 102, missCount = 1]
21:50:07.081 [Test worker] DEBUG o.springframework.test.context.cache - Spring test ApplicationContext cache statistics: [DefaultContextCache@1d38cdde size = 1, maxSize = 32, parentContextCount = 0, hitCount = 103, missCount = 1]
21:50:07.081 [Test worker] DEBUG o.springframework.test.context.cache - Spring test ApplicationContext cache statistics: [DefaultContextCache@1d38cdde size = 1, maxSize = 32, parentContextCount = 0, hitCount = 104, missCount = 1]
21:50:07.081 [Test worker] DEBUG o.s.t.c.s.DirtiesContextTestExecutionListener - After test method: class [InputControlMessageTests], method [rolSerializeDeserialize], class annotated with @DirtiesContext [false] with mode [null], method annotated with @DirtiesContext [false] with mode [null]
21:50:07.081 [Test worker] DEBUG o.s.t.annotation.ProfileValueUtils - Retrieved @ProfileValueSourceConfiguration [null] for test class [tak.server.InputControlMessageTests]
21:50:07.081 [Test worker] DEBUG o.s.t.annotation.ProfileValueUtils - Retrieved ProfileValueSource type [class org.springframework.test.annotation.SystemProfileValueSource] for class [tak.server.InputControlMessageTests]
21:50:07.081 [Test worker] DEBUG o.s.t.c.s.DependencyInjectionTestExecutionListener - Performing dependency injection for test class tak.server.InputControlMessageTests
21:50:07.082 [Test worker] DEBUG o.springframework.test.context.cache - Spring test ApplicationContext cache statistics: [DefaultContextCache@1d38cdde size = 1, maxSize = 32, parentContextCount = 0, hitCount = 105, missCount = 1]
21:50:07.082 [Test worker] DEBUG o.springframework.test.context.cache - Spring test ApplicationContext cache statistics: [DefaultContextCache@1d38cdde size = 1, maxSize = 32, parentContextCount = 0, hitCount = 106, missCount = 1]
21:50:07.082 [Test worker] DEBUG o.s.t.c.s.DirtiesContextBeforeModesTestExecutionListener - Before test method: class [InputControlMessageTests], method [rolDeleteInput], class annotated with @DirtiesContext [false] with mode [null], method annotated with @DirtiesContext [false] with mode [null]
21:50:07.082 [Test worker] DEBUG o.springframework.test.context.cache - Spring test ApplicationContext cache statistics: [DefaultContextCache@1d38cdde size = 1, maxSize = 32, parentContextCount = 0, hitCount = 107, missCount = 1]
21:50:07.082 [Test worker] DEBUG o.springframework.test.context.cache - Spring test ApplicationContext cache statistics: [DefaultContextCache@1d38cdde size = 1, maxSize = 32, parentContextCount = 0, hitCount = 108, missCount = 1]
21:50:07.083 [Test worker] DEBUG o.springframework.test.context.cache - Spring test ApplicationContext cache statistics: [DefaultContextCache@1d38cdde size = 1, maxSize = 32, parentContextCount = 0, hitCount = 109, missCount = 1]
21:50:07.083 [Test worker] DEBUG tak.server.InputControlMessageTests - ROL delete input: delete input
myinput;
21:50:07.128 [Test worker] DEBUG tak.server.InputControlMessageTests - about to parse and visit ROL program delete input
myinput;
21:50:07.131 [Test worker] DEBUG t.s.cluster.ClusterControlRolVisitor - operation - childCount: 1
21:50:07.132 [Test worker] DEBUG t.s.cluster.ClusterControlRolVisitor - operation: delete
21:50:07.132 [Test worker] DEBUG t.s.cluster.ClusterControlRolVisitor - resource - childCount: 1
21:50:07.132 [Test worker] DEBUG t.s.cluster.ClusterControlRolVisitor - resource: input
21:50:07.132 [Test worker] DEBUG tak.server.InputControlMessageTests -  evaluating delete on input given myinput
21:50:07.132 [Test worker] DEBUG tak.server.InputControlMessageTests - operation: delete parameters text: myinput
21:50:07.135 [Test worker] DEBUG t.s.cluster.ClusterControlRolVisitor - eval complete - result: input ctx: [58 40] childCount: 1
21:50:07.135 [Test worker] DEBUG tak.server.InputControlMessageTests - parseResult: null
21:50:07.135 [Test worker] DEBUG o.springframework.test.context.cache - Spring test ApplicationContext cache statistics: [DefaultContextCache@1d38cdde size = 1, maxSize = 32, parentContextCount = 0, hitCount = 110, missCount = 1]
21:50:07.136 [Test worker] DEBUG o.springframework.test.context.cache - Spring test ApplicationContext cache statistics: [DefaultContextCache@1d38cdde size = 1, maxSize = 32, parentContextCount = 0, hitCount = 111, missCount = 1]
21:50:07.136 [Test worker] DEBUG o.springframework.test.context.cache - Spring test ApplicationContext cache statistics: [DefaultContextCache@1d38cdde size = 1, maxSize = 32, parentContextCount = 0, hitCount = 112, missCount = 1]
21:50:07.136 [Test worker] DEBUG o.springframework.test.context.cache - Spring test ApplicationContext cache statistics: [DefaultContextCache@1d38cdde size = 1, maxSize = 32, parentContextCount = 0, hitCount = 113, missCount = 1]
21:50:07.137 [Test worker] DEBUG o.springframework.test.context.cache - Spring test ApplicationContext cache statistics: [DefaultContextCache@1d38cdde size = 1, maxSize = 32, parentContextCount = 0, hitCount = 114, missCount = 1]
21:50:07.137 [Test worker] DEBUG o.springframework.test.context.cache - Spring test ApplicationContext cache statistics: [DefaultContextCache@1d38cdde size = 1, maxSize = 32, parentContextCount = 0, hitCount = 115, missCount = 1]
21:50:07.137 [Test worker] DEBUG o.s.t.c.s.DirtiesContextTestExecutionListener - After test method: class [InputControlMessageTests], method [rolDeleteInput], class annotated with @DirtiesContext [false] with mode [null], method annotated with @DirtiesContext [false] with mode [null]
21:50:07.137 [Test worker] DEBUG o.s.t.annotation.ProfileValueUtils - Retrieved @ProfileValueSourceConfiguration [null] for test class [tak.server.InputControlMessageTests]
21:50:07.137 [Test worker] DEBUG o.s.t.annotation.ProfileValueUtils - Retrieved ProfileValueSource type [class org.springframework.test.annotation.SystemProfileValueSource] for class [tak.server.InputControlMessageTests]
21:50:07.138 [Test worker] DEBUG o.s.t.c.s.DependencyInjectionTestExecutionListener - Performing dependency injection for test class tak.server.InputControlMessageTests
21:50:07.138 [Test worker] DEBUG o.springframework.test.context.cache - Spring test ApplicationContext cache statistics: [DefaultContextCache@1d38cdde size = 1, maxSize = 32, parentContextCount = 0, hitCount = 116, missCount = 1]
21:50:07.139 [Test worker] DEBUG o.springframework.test.context.cache - Spring test ApplicationContext cache statistics: [DefaultContextCache@1d38cdde size = 1, maxSize = 32, parentContextCount = 0, hitCount = 117, missCount = 1]
21:50:07.139 [Test worker] DEBUG o.s.t.c.s.DirtiesContextBeforeModesTestExecutionListener - Before test method: class [InputControlMessageTests], method [rolModifyInput], class annotated with @DirtiesContext [false] with mode [null], method annotated with @DirtiesContext [false] with mode [null]
21:50:07.140 [Test worker] DEBUG o.springframework.test.context.cache - Spring test ApplicationContext cache statistics: [DefaultContextCache@1d38cdde size = 1, maxSize = 32, parentContextCount = 0, hitCount = 118, missCount = 1]
21:50:07.140 [Test worker] DEBUG o.springframework.test.context.cache - Spring test ApplicationContext cache statistics: [DefaultContextCache@1d38cdde size = 1, maxSize = 32, parentContextCount = 0, hitCount = 119, missCount = 1]
21:50:07.142 [Test worker] DEBUG o.springframework.test.context.cache - Spring test ApplicationContext cache statistics: [DefaultContextCache@1d38cdde size = 1, maxSize = 32, parentContextCount = 0, hitCount = 120, missCount = 1]
21:50:07.144 [Test worker] DEBUG tak.server.InputControlMessageTests - ROL update input: update input{"context":{},"messagePayload":"{\"filtergroup\":[],\"filter\":null,\"auth\":\"X_509\",\"authRequired\":false,\"name\":\"myinput\",\"protocol\":null,\"port\":9999,\"group\":null,\"iface\":null,\"archive\":true,\"anongroup\":null,\"archiveOnly\":false,\"coreVersion\":2,\"syncCacheRetentionSeconds\":3600,\"maxMessageReadSizeBytes\":2048,\"coreVersion2TlsVersions\":\"TLSv1.2,TLSv1.3\",\"federated\":true,\"binaryPayloadWebsocketOnly\":false,\"quicConnectionTimeoutSeconds\":90}","sourceNode":"5477c6cefada4a04b06fd482229e35b6"};
21:50:07.154 [Test worker] DEBUG tak.server.InputControlMessageTests - about to parse and visit ROL program update input{"context":{},"messagePayload":"{\"filtergroup\":[],\"filter\":null,\"auth\":\"X_509\",\"authRequired\":false,\"name\":\"myinput\",\"protocol\":null,\"port\":9999,\"group\":null,\"iface\":null,\"archive\":true,\"anongroup\":null,\"archiveOnly\":false,\"coreVersion\":2,\"syncCacheRetentionSeconds\":3600,\"maxMessageReadSizeBytes\":2048,\"coreVersion2TlsVersions\":\"TLSv1.2,TLSv1.3\",\"federated\":true,\"binaryPayloadWebsocketOnly\":false,\"quicConnectionTimeoutSeconds\":90}","sourceNode":"5477c6cefada4a04b06fd482229e35b6"};
21:50:07.154 [Test worker] DEBUG t.s.cluster.ClusterControlRolVisitor - operation - childCount: 1
21:50:07.154 [Test worker] DEBUG t.s.cluster.ClusterControlRolVisitor - operation: update
21:50:07.154 [Test worker] DEBUG t.s.cluster.ClusterControlRolVisitor - resource - childCount: 1
21:50:07.154 [Test worker] DEBUG t.s.cluster.ClusterControlRolVisitor - resource: input
21:50:07.154 [Test worker] DEBUG tak.server.InputControlMessageTests -  evaluating update on input given {"context":{},"messagePayload":"{\"filtergroup\":[],\"filter\":null,\"auth\":\"X_509\",\"authRequired\":false,\"name\":\"myinput\",\"protocol\":null,\"port\":9999,\"group\":null,\"iface\":null,\"archive\":true,\"anongroup\":null,\"archiveOnly\":false,\"coreVersion\":2,\"syncCacheRetentionSeconds\":3600,\"maxMessageReadSizeBytes\":2048,\"coreVersion2TlsVersions\":\"TLSv1.2,TLSv1.3\",\"federated\":true,\"binaryPayloadWebsocketOnly\":false,\"quicConnectionTimeoutSeconds\":90}","sourceNode":"5477c6cefada4a04b06fd482229e35b6"}
21:50:07.155 [Test worker] DEBUG tak.server.InputControlMessageTests - operation: update parameters text: {"context":{},"messagePayload":"{\"filtergroup\":[],\"filter\":null,\"auth\":\"X_509\",\"authRequired\":false,\"name\":\"myinput\",\"protocol\":null,\"port\":9999,\"group\":null,\"iface\":null,\"archive\":true,\"anongroup\":null,\"archiveOnly\":false,\"coreVersion\":2,\"syncCacheRetentionSeconds\":3600,\"maxMessageReadSizeBytes\":2048,\"coreVersion2TlsVersions\":\"TLSv1.2,TLSv1.3\",\"federated\":true,\"binaryPayloadWebsocketOnly\":false,\"quicConnectionTimeoutSeconds\":90}","sourceNode":"5477c6cefada4a04b06fd482229e35b6"}
21:50:07.217 [Test worker] DEBUG t.s.cluster.ClusterControlRolVisitor - eval complete - result: input ctx: [58 40] childCount: 7
21:50:07.217 [Test worker] DEBUG o.springframework.test.context.cache - Spring test ApplicationContext cache statistics: [DefaultContextCache@1d38cdde size = 1, maxSize = 32, parentContextCount = 0, hitCount = 121, missCount = 1]
21:50:07.218 [Test worker] DEBUG o.springframework.test.context.cache - Spring test ApplicationContext cache statistics: [DefaultContextCache@1d38cdde size = 1, maxSize = 32, parentContextCount = 0, hitCount = 122, missCount = 1]
21:50:07.218 [Test worker] DEBUG o.springframework.test.context.cache - Spring test ApplicationContext cache statistics: [DefaultContextCache@1d38cdde size = 1, maxSize = 32, parentContextCount = 0, hitCount = 123, missCount = 1]
21:50:07.218 [Test worker] DEBUG o.springframework.test.context.cache - Spring test ApplicationContext cache statistics: [DefaultContextCache@1d38cdde size = 1, maxSize = 32, parentContextCount = 0, hitCount = 124, missCount = 1]
21:50:07.218 [Test worker] DEBUG o.springframework.test.context.cache - Spring test ApplicationContext cache statistics: [DefaultContextCache@1d38cdde size = 1, maxSize = 32, parentContextCount = 0, hitCount = 125, missCount = 1]
21:50:07.218 [Test worker] DEBUG o.springframework.test.context.cache - Spring test ApplicationContext cache statistics: [DefaultContextCache@1d38cdde size = 1, maxSize = 32, parentContextCount = 0, hitCount = 126, missCount = 1]
21:50:07.219 [Test worker] DEBUG o.s.t.c.s.DirtiesContextTestExecutionListener - After test method: class [InputControlMessageTests], method [rolModifyInput], class annotated with @DirtiesContext [false] with mode [null], method annotated with @DirtiesContext [false] with mode [null]
21:50:07.219 [Test worker] DEBUG o.s.t.annotation.ProfileValueUtils - Retrieved @ProfileValueSourceConfiguration [null] for test class [tak.server.InputControlMessageTests]
21:50:07.219 [Test worker] DEBUG o.s.t.annotation.ProfileValueUtils - Retrieved ProfileValueSource type [class org.springframework.test.annotation.SystemProfileValueSource] for class [tak.server.InputControlMessageTests]
21:50:07.219 [Test worker] DEBUG o.s.t.c.s.DependencyInjectionTestExecutionListener - Performing dependency injection for test class tak.server.InputControlMessageTests
21:50:07.219 [Test worker] DEBUG o.springframework.test.context.cache - Spring test ApplicationContext cache statistics: [DefaultContextCache@1d38cdde size = 1, maxSize = 32, parentContextCount = 0, hitCount = 127, missCount = 1]
21:50:07.220 [Test worker] DEBUG o.springframework.test.context.cache - Spring test ApplicationContext cache statistics: [DefaultContextCache@1d38cdde size = 1, maxSize = 32, parentContextCount = 0, hitCount = 128, missCount = 1]
21:50:07.220 [Test worker] DEBUG o.s.t.c.s.DirtiesContextBeforeModesTestExecutionListener - Before test method: class [InputControlMessageTests], method [serializeAndDeserializeInput], class annotated with @DirtiesContext [false] with mode [null], method annotated with @DirtiesContext [false] with mode [null]
21:50:07.220 [Test worker] DEBUG o.springframework.test.context.cache - Spring test ApplicationContext cache statistics: [DefaultContextCache@1d38cdde size = 1, maxSize = 32, parentContextCount = 0, hitCount = 129, missCount = 1]
21:50:07.220 [Test worker] DEBUG o.springframework.test.context.cache - Spring test ApplicationContext cache statistics: [DefaultContextCache@1d38cdde size = 1, maxSize = 32, parentContextCount = 0, hitCount = 130, missCount = 1]
21:50:07.221 [Test worker] DEBUG o.springframework.test.context.cache - Spring test ApplicationContext cache statistics: [DefaultContextCache@1d38cdde size = 1, maxSize = 32, parentContextCount = 0, hitCount = 131, missCount = 1]
21:50:07.221 [Test worker] DEBUG tak.server.InputControlMessageTests - serialized clusterInputMessage: {"context":{},"messagePayload":"{\"filtergroup\":[],\"filter\":null,\"auth\":\"X_509\",\"authRequired\":false,\"name\":\"myinput\",\"protocol\":null,\"port\":9999,\"group\":null,\"iface\":null,\"archive\":true,\"anongroup\":null,\"archiveOnly\":false,\"coreVersion\":2,\"syncCacheRetentionSeconds\":3600,\"maxMessageReadSizeBytes\":2048,\"coreVersion2TlsVersions\":\"TLSv1.2,TLSv1.3\",\"federated\":true,\"binaryPayloadWebsocketOnly\":false,\"quicConnectionTimeoutSeconds\":90}","sourceNode":"5477c6cefada4a04b06fd482229e35b6"}
21:50:07.222 [Test worker] DEBUG tak.server.InputControlMessageTests - deserialized input port: 9999
21:50:07.222 [Test worker] DEBUG o.springframework.test.context.cache - Spring test ApplicationContext cache statistics: [DefaultContextCache@1d38cdde size = 1, maxSize = 32, parentContextCount = 0, hitCount = 132, missCount = 1]
21:50:07.223 [Test worker] DEBUG o.springframework.test.context.cache - Spring test ApplicationContext cache statistics: [DefaultContextCache@1d38cdde size = 1, maxSize = 32, parentContextCount = 0, hitCount = 133, missCount = 1]
21:50:07.223 [Test worker] DEBUG o.springframework.test.context.cache - Spring test ApplicationContext cache statistics: [DefaultContextCache@1d38cdde size = 1, maxSize = 32, parentContextCount = 0, hitCount = 134, missCount = 1]
21:50:07.224 [Test worker] DEBUG o.springframework.test.context.cache - Spring test ApplicationContext cache statistics: [DefaultContextCache@1d38cdde size = 1, maxSize = 32, parentContextCount = 0, hitCount = 135, missCount = 1]
21:50:07.224 [Test worker] DEBUG o.springframework.test.context.cache - Spring test ApplicationContext cache statistics: [DefaultContextCache@1d38cdde size = 1, maxSize = 32, parentContextCount = 0, hitCount = 136, missCount = 1]
21:50:07.224 [Test worker] DEBUG o.springframework.test.context.cache - Spring test ApplicationContext cache statistics: [DefaultContextCache@1d38cdde size = 1, maxSize = 32, parentContextCount = 0, hitCount = 137, missCount = 1]
21:50:07.224 [Test worker] DEBUG o.s.t.c.s.DirtiesContextTestExecutionListener - After test method: class [InputControlMessageTests], method [serializeAndDeserializeInput], class annotated with @DirtiesContext [false] with mode [null], method annotated with @DirtiesContext [false] with mode [null]
21:50:07.224 [Test worker] DEBUG o.s.t.annotation.ProfileValueUtils - Retrieved @ProfileValueSourceConfiguration [null] for test class [tak.server.InputControlMessageTests]
21:50:07.225 [Test worker] DEBUG o.s.t.annotation.ProfileValueUtils - Retrieved ProfileValueSource type [class org.springframework.test.annotation.SystemProfileValueSource] for class [tak.server.InputControlMessageTests]
21:50:07.225 [Test worker] DEBUG o.s.t.c.s.DependencyInjectionTestExecutionListener - Performing dependency injection for test class tak.server.InputControlMessageTests
21:50:07.225 [Test worker] DEBUG o.springframework.test.context.cache - Spring test ApplicationContext cache statistics: [DefaultContextCache@1d38cdde size = 1, maxSize = 32, parentContextCount = 0, hitCount = 138, missCount = 1]
21:50:07.225 [Test worker] DEBUG o.springframework.test.context.cache - Spring test ApplicationContext cache statistics: [DefaultContextCache@1d38cdde size = 1, maxSize = 32, parentContextCount = 0, hitCount = 139, missCount = 1]
21:50:07.225 [Test worker] DEBUG o.s.t.c.s.DirtiesContextBeforeModesTestExecutionListener - Before test method: class [InputControlMessageTests], method [rolAddInput], class annotated with @DirtiesContext [false] with mode [null], method annotated with @DirtiesContext [false] with mode [null]
21:50:07.226 [Test worker] DEBUG o.springframework.test.context.cache - Spring test ApplicationContext cache statistics: [DefaultContextCache@1d38cdde size = 1, maxSize = 32, parentContextCount = 0, hitCount = 140, missCount = 1]
21:50:07.230 [Test worker] DEBUG o.springframework.test.context.cache - Spring test ApplicationContext cache statistics: [DefaultContextCache@1d38cdde size = 1, maxSize = 32, parentContextCount = 0, hitCount = 141, missCount = 1]
21:50:07.231 [Test worker] DEBUG o.springframework.test.context.cache - Spring test ApplicationContext cache statistics: [DefaultContextCache@1d38cdde size = 1, maxSize = 32, parentContextCount = 0, hitCount = 142, missCount = 1]
21:50:07.232 [Test worker] DEBUG tak.server.InputControlMessageTests - ROL create input: create input
{"context":{},"messagePayload":"{\"filtergroup\":[],\"filter\":null,\"auth\":\"X_509\",\"authRequired\":false,\"name\":\"myinput\",\"protocol\":null,\"port\":9999,\"group\":null,\"iface\":null,\"archive\":true,\"anongroup\":null,\"archiveOnly\":false,\"coreVersion\":2,\"syncCacheRetentionSeconds\":3600,\"maxMessageReadSizeBytes\":2048,\"coreVersion2TlsVersions\":\"TLSv1.2,TLSv1.3\",\"federated\":true,\"binaryPayloadWebsocketOnly\":false,\"quicConnectionTimeoutSeconds\":90}","sourceNode":"5477c6cefada4a04b06fd482229e35b6"};
21:50:07.233 [Test worker] DEBUG tak.server.InputControlMessageTests - about to parse and visit ROL program create input
{"context":{},"messagePayload":"{\"filtergroup\":[],\"filter\":null,\"auth\":\"X_509\",\"authRequired\":false,\"name\":\"myinput\",\"protocol\":null,\"port\":9999,\"group\":null,\"iface\":null,\"archive\":true,\"anongroup\":null,\"archiveOnly\":false,\"coreVersion\":2,\"syncCacheRetentionSeconds\":3600,\"maxMessageReadSizeBytes\":2048,\"coreVersion2TlsVersions\":\"TLSv1.2,TLSv1.3\",\"federated\":true,\"binaryPayloadWebsocketOnly\":false,\"quicConnectionTimeoutSeconds\":90}","sourceNode":"5477c6cefada4a04b06fd482229e35b6"};
21:50:07.235 [Test worker] DEBUG t.s.cluster.ClusterControlRolVisitor - operation - childCount: 1
21:50:07.235 [Test worker] DEBUG t.s.cluster.ClusterControlRolVisitor - operation: create
21:50:07.235 [Test worker] DEBUG t.s.cluster.ClusterControlRolVisitor - resource - childCount: 1
21:50:07.235 [Test worker] DEBUG t.s.cluster.ClusterControlRolVisitor - resource: input
21:50:07.235 [Test worker] DEBUG tak.server.InputControlMessageTests -  evaluating create on input given {"context":{},"messagePayload":"{\"filtergroup\":[],\"filter\":null,\"auth\":\"X_509\",\"authRequired\":false,\"name\":\"myinput\",\"protocol\":null,\"port\":9999,\"group\":null,\"iface\":null,\"archive\":true,\"anongroup\":null,\"archiveOnly\":false,\"coreVersion\":2,\"syncCacheRetentionSeconds\":3600,\"maxMessageReadSizeBytes\":2048,\"coreVersion2TlsVersions\":\"TLSv1.2,TLSv1.3\",\"federated\":true,\"binaryPayloadWebsocketOnly\":false,\"quicConnectionTimeoutSeconds\":90}","sourceNode":"5477c6cefada4a04b06fd482229e35b6"}
21:50:07.237 [Test worker] DEBUG tak.server.InputControlMessageTests - evaluating parameters for {input, create} (5477c6cefada4a04b06fd482229e35b6,com.bbn.marti.config.Input@2d6694d9)
21:50:07.237 [Test worker] DEBUG t.s.cluster.ClusterControlRolVisitor - eval complete - result: input ctx: [58 40] childCount: 7
21:50:07.238 [Test worker] DEBUG tak.server.InputControlMessageTests - parseResult: null
21:50:07.238 [Test worker] DEBUG o.springframework.test.context.cache - Spring test ApplicationContext cache statistics: [DefaultContextCache@1d38cdde size = 1, maxSize = 32, parentContextCount = 0, hitCount = 143, missCount = 1]
21:50:07.238 [Test worker] DEBUG o.springframework.test.context.cache - Spring test ApplicationContext cache statistics: [DefaultContextCache@1d38cdde size = 1, maxSize = 32, parentContextCount = 0, hitCount = 144, missCount = 1]
21:50:07.239 [Test worker] DEBUG o.springframework.test.context.cache - Spring test ApplicationContext cache statistics: [DefaultContextCache@1d38cdde size = 1, maxSize = 32, parentContextCount = 0, hitCount = 145, missCount = 1]
21:50:07.239 [Test worker] DEBUG o.springframework.test.context.cache - Spring test ApplicationContext cache statistics: [DefaultContextCache@1d38cdde size = 1, maxSize = 32, parentContextCount = 0, hitCount = 146, missCount = 1]
21:50:07.239 [Test worker] DEBUG o.springframework.test.context.cache - Spring test ApplicationContext cache statistics: [DefaultContextCache@1d38cdde size = 1, maxSize = 32, parentContextCount = 0, hitCount = 147, missCount = 1]
21:50:07.239 [Test worker] DEBUG o.springframework.test.context.cache - Spring test ApplicationContext cache statistics: [DefaultContextCache@1d38cdde size = 1, maxSize = 32, parentContextCount = 0, hitCount = 148, missCount = 1]
21:50:07.240 [Test worker] DEBUG o.s.t.c.s.DirtiesContextTestExecutionListener - After test method: class [InputControlMessageTests], method [rolAddInput], class annotated with @DirtiesContext [false] with mode [null], method annotated with @DirtiesContext [false] with mode [null]
21:50:07.240 [Test worker] DEBUG o.springframework.test.context.cache - Spring test ApplicationContext cache statistics: [DefaultContextCache@1d38cdde size = 1, maxSize = 32, parentContextCount = 0, hitCount = 149, missCount = 1]
21:50:07.240 [Test worker] DEBUG o.s.t.c.s.DirtiesContextTestExecutionListener - After test class: class [InputControlMessageTests], class annotated with @DirtiesContext [false] with mode [null]
]]></system-out>
  <system-err><![CDATA[]]></system-err>
</testsuite>
