<?xml version="1.0" encoding="UTF-8"?>
<testsuite name="tak.server.MissionCacheTest" tests="4" skipped="0" failures="0" errors="0" timestamp="2025-03-19T02:50:11" hostname="lenss-10" time="0.039">
  <properties/>
  <testcase name="missionToUid" classname="tak.server.MissionCacheTest" time="0.006"/>
  <testcase name="missionToUidContents" classname="tak.server.MissionCacheTest" time="0.002"/>
  <testcase name="uidToMissionContents" classname="tak.server.MissionCacheTest" time="0.007"/>
  <testcase name="uidToMission" classname="tak.server.MissionCacheTest" time="0.008"/>
  <system-out><![CDATA[21:50:11.044 [Test worker] DEBUG o.s.t.c.s.DefaultTestContextBootstrapper - Using ContextCustomizers for test class [MissionCacheTest]: [DisableObservabilityContextCustomizer, PropertyMappingContextCustomizer, WebDriverContextCustomizer, ExcludeFilterContextCustomizer, DuplicateJsonObjectContextCustomizer, MockitoContextCustomizer]
21:50:11.045 [Test worker] DEBUG o.s.t.c.u.TestContextSpringFactoriesUtils - Skipping candidate TestExecutionListener [org.springframework.test.context.observation.MicrometerObservationRegistryTestExecutionListener] due to a missing dependency. Specify custom TestExecutionListener classes or make the default TestExecutionListener classes and their required dependencies available. Offending class: io.micrometer.context.ThreadLocalAccessor. MicrometerObservationRegistryTestExecutionListener requires io.micrometer:micrometer-observation:1.10.8 or higher and io.micrometer:context-propagation:1.0.3 or higher.
21:50:11.045 [Test worker] DEBUG o.s.t.c.s.DefaultTestContextBootstrapper - Using TestExecutionListeners for test class [MissionCacheTest]: [ServletTestExecutionListener, DirtiesContextBeforeModesTestExecutionListener, ApplicationEventsTestExecutionListener, MockitoTestExecutionListener, DependencyInjectionTestExecutionListener, DirtiesContextTestExecutionListener, TransactionalTestExecutionListener, SqlScriptsTestExecutionListener, EventPublishingTestExecutionListener, RestDocsTestExecutionListener, MockRestServiceServerResetTestExecutionListener, MockMvcPrintOnlyOnFailureTestExecutionListener, WebDriverTestExecutionListener, MockWebServiceServerTestExecutionListener, ResetMocksTestExecutionListener]
21:50:11.046 [Test worker] DEBUG o.s.t.annotation.ProfileValueUtils - Retrieved @ProfileValueSourceConfiguration [null] for test class [tak.server.MissionCacheTest]
21:50:11.053 [Test worker] DEBUG o.s.t.annotation.ProfileValueUtils - Retrieved ProfileValueSource type [class org.springframework.test.annotation.SystemProfileValueSource] for class [tak.server.MissionCacheTest]
21:50:11.053 [Test worker] DEBUG o.s.t.annotation.ProfileValueUtils - Retrieved @ProfileValueSourceConfiguration [null] for test class [tak.server.MissionCacheTest]
21:50:11.053 [Test worker] DEBUG o.s.t.annotation.ProfileValueUtils - Retrieved ProfileValueSource type [class org.springframework.test.annotation.SystemProfileValueSource] for class [tak.server.MissionCacheTest]
21:50:11.054 [Test worker] DEBUG o.s.t.c.s.DirtiesContextBeforeModesTestExecutionListener - Before test class: class [MissionCacheTest], class annotated with @DirtiesContext [false] with mode [null]
21:50:11.054 [Test worker] DEBUG o.springframework.test.context.cache - Spring test ApplicationContext cache statistics: [DefaultContextCache@1d38cdde size = 1, maxSize = 32, parentContextCount = 0, hitCount = 174, missCount = 1]
21:50:11.054 [Test worker] DEBUG o.s.t.annotation.ProfileValueUtils - Retrieved @ProfileValueSourceConfiguration [null] for test class [tak.server.MissionCacheTest]
21:50:11.054 [Test worker] DEBUG o.s.t.annotation.ProfileValueUtils - Retrieved ProfileValueSource type [class org.springframework.test.annotation.SystemProfileValueSource] for class [tak.server.MissionCacheTest]
21:50:11.057 [Test worker] DEBUG o.s.t.c.s.DependencyInjectionTestExecutionListener - Performing dependency injection for test class tak.server.MissionCacheTest
21:50:11.057 [Test worker] DEBUG o.springframework.test.context.cache - Spring test ApplicationContext cache statistics: [DefaultContextCache@1d38cdde size = 1, maxSize = 32, parentContextCount = 0, hitCount = 175, missCount = 1]
21:50:11.060 [Test worker] DEBUG o.springframework.test.context.cache - Spring test ApplicationContext cache statistics: [DefaultContextCache@1d38cdde size = 1, maxSize = 32, parentContextCount = 0, hitCount = 176, missCount = 1]
21:50:11.062 [Test worker] DEBUG o.s.t.c.s.DirtiesContextBeforeModesTestExecutionListener - Before test method: class [MissionCacheTest], method [missionToUid], class annotated with @DirtiesContext [false] with mode [null], method annotated with @DirtiesContext [false] with mode [null]
21:50:11.066 [Test worker] DEBUG o.springframework.test.context.cache - Spring test ApplicationContext cache statistics: [DefaultContextCache@1d38cdde size = 1, maxSize = 32, parentContextCount = 0, hitCount = 177, missCount = 1]
21:50:11.066 [Test worker] DEBUG o.springframework.test.context.cache - Spring test ApplicationContext cache statistics: [DefaultContextCache@1d38cdde size = 1, maxSize = 32, parentContextCount = 0, hitCount = 178, missCount = 1]
21:50:11.066 [Test worker] DEBUG o.springframework.test.context.cache - Spring test ApplicationContext cache statistics: [DefaultContextCache@1d38cdde size = 1, maxSize = 32, parentContextCount = 0, hitCount = 179, missCount = 1]
21:50:11.067 [Test worker] DEBUG o.springframework.test.context.cache - Spring test ApplicationContext cache statistics: [DefaultContextCache@1d38cdde size = 1, maxSize = 32, parentContextCount = 0, hitCount = 180, missCount = 1]
21:50:11.067 [Test worker] DEBUG o.springframework.test.context.cache - Spring test ApplicationContext cache statistics: [DefaultContextCache@1d38cdde size = 1, maxSize = 32, parentContextCount = 0, hitCount = 181, missCount = 1]
21:50:11.067 [Test worker] DEBUG o.springframework.test.context.cache - Spring test ApplicationContext cache statistics: [DefaultContextCache@1d38cdde size = 1, maxSize = 32, parentContextCount = 0, hitCount = 182, missCount = 1]
21:50:11.067 [Test worker] DEBUG o.springframework.test.context.cache - Spring test ApplicationContext cache statistics: [DefaultContextCache@1d38cdde size = 1, maxSize = 32, parentContextCount = 0, hitCount = 183, missCount = 1]
21:50:11.067 [Test worker] DEBUG o.springframework.test.context.cache - Spring test ApplicationContext cache statistics: [DefaultContextCache@1d38cdde size = 1, maxSize = 32, parentContextCount = 0, hitCount = 184, missCount = 1]
21:50:11.068 [Test worker] DEBUG o.springframework.test.context.cache - Spring test ApplicationContext cache statistics: [DefaultContextCache@1d38cdde size = 1, maxSize = 32, parentContextCount = 0, hitCount = 185, missCount = 1]
21:50:11.068 [Test worker] DEBUG o.s.t.c.s.DirtiesContextTestExecutionListener - After test method: class [MissionCacheTest], method [missionToUid], class annotated with @DirtiesContext [false] with mode [null], method annotated with @DirtiesContext [false] with mode [null]
21:50:11.068 [Test worker] DEBUG o.s.t.annotation.ProfileValueUtils - Retrieved @ProfileValueSourceConfiguration [null] for test class [tak.server.MissionCacheTest]
21:50:11.069 [Test worker] DEBUG o.s.t.annotation.ProfileValueUtils - Retrieved ProfileValueSource type [class org.springframework.test.annotation.SystemProfileValueSource] for class [tak.server.MissionCacheTest]
21:50:11.069 [Test worker] DEBUG o.s.t.c.s.DependencyInjectionTestExecutionListener - Performing dependency injection for test class tak.server.MissionCacheTest
21:50:11.069 [Test worker] DEBUG o.springframework.test.context.cache - Spring test ApplicationContext cache statistics: [DefaultContextCache@1d38cdde size = 1, maxSize = 32, parentContextCount = 0, hitCount = 186, missCount = 1]
21:50:11.071 [Test worker] DEBUG o.springframework.test.context.cache - Spring test ApplicationContext cache statistics: [DefaultContextCache@1d38cdde size = 1, maxSize = 32, parentContextCount = 0, hitCount = 187, missCount = 1]
21:50:11.071 [Test worker] DEBUG o.s.t.c.s.DirtiesContextBeforeModesTestExecutionListener - Before test method: class [MissionCacheTest], method [missionToUidContents], class annotated with @DirtiesContext [false] with mode [null], method annotated with @DirtiesContext [false] with mode [null]
21:50:11.072 [Test worker] DEBUG o.springframework.test.context.cache - Spring test ApplicationContext cache statistics: [DefaultContextCache@1d38cdde size = 1, maxSize = 32, parentContextCount = 0, hitCount = 188, missCount = 1]
21:50:11.072 [Test worker] DEBUG o.springframework.test.context.cache - Spring test ApplicationContext cache statistics: [DefaultContextCache@1d38cdde size = 1, maxSize = 32, parentContextCount = 0, hitCount = 189, missCount = 1]
21:50:11.072 [Test worker] DEBUG o.springframework.test.context.cache - Spring test ApplicationContext cache statistics: [DefaultContextCache@1d38cdde size = 1, maxSize = 32, parentContextCount = 0, hitCount = 190, missCount = 1]
21:50:11.072 [Test worker] DEBUG o.springframework.test.context.cache - Spring test ApplicationContext cache statistics: [DefaultContextCache@1d38cdde size = 1, maxSize = 32, parentContextCount = 0, hitCount = 191, missCount = 1]
21:50:11.072 [Test worker] DEBUG o.springframework.test.context.cache - Spring test ApplicationContext cache statistics: [DefaultContextCache@1d38cdde size = 1, maxSize = 32, parentContextCount = 0, hitCount = 192, missCount = 1]
21:50:11.073 [Test worker] DEBUG o.springframework.test.context.cache - Spring test ApplicationContext cache statistics: [DefaultContextCache@1d38cdde size = 1, maxSize = 32, parentContextCount = 0, hitCount = 193, missCount = 1]
21:50:11.073 [Test worker] DEBUG o.springframework.test.context.cache - Spring test ApplicationContext cache statistics: [DefaultContextCache@1d38cdde size = 1, maxSize = 32, parentContextCount = 0, hitCount = 194, missCount = 1]
21:50:11.073 [Test worker] DEBUG o.springframework.test.context.cache - Spring test ApplicationContext cache statistics: [DefaultContextCache@1d38cdde size = 1, maxSize = 32, parentContextCount = 0, hitCount = 195, missCount = 1]
21:50:11.073 [Test worker] DEBUG o.springframework.test.context.cache - Spring test ApplicationContext cache statistics: [DefaultContextCache@1d38cdde size = 1, maxSize = 32, parentContextCount = 0, hitCount = 196, missCount = 1]
21:50:11.073 [Test worker] DEBUG o.s.t.c.s.DirtiesContextTestExecutionListener - After test method: class [MissionCacheTest], method [missionToUidContents], class annotated with @DirtiesContext [false] with mode [null], method annotated with @DirtiesContext [false] with mode [null]
21:50:11.077 [Test worker] DEBUG o.s.t.annotation.ProfileValueUtils - Retrieved @ProfileValueSourceConfiguration [null] for test class [tak.server.MissionCacheTest]
21:50:11.077 [Test worker] DEBUG o.s.t.annotation.ProfileValueUtils - Retrieved ProfileValueSource type [class org.springframework.test.annotation.SystemProfileValueSource] for class [tak.server.MissionCacheTest]
21:50:11.077 [Test worker] DEBUG o.s.t.c.s.DependencyInjectionTestExecutionListener - Performing dependency injection for test class tak.server.MissionCacheTest
21:50:11.077 [Test worker] DEBUG o.springframework.test.context.cache - Spring test ApplicationContext cache statistics: [DefaultContextCache@1d38cdde size = 1, maxSize = 32, parentContextCount = 0, hitCount = 197, missCount = 1]
21:50:11.079 [Test worker] DEBUG o.springframework.test.context.cache - Spring test ApplicationContext cache statistics: [DefaultContextCache@1d38cdde size = 1, maxSize = 32, parentContextCount = 0, hitCount = 198, missCount = 1]
21:50:11.079 [Test worker] DEBUG o.s.t.c.s.DirtiesContextBeforeModesTestExecutionListener - Before test method: class [MissionCacheTest], method [uidToMissionContents], class annotated with @DirtiesContext [false] with mode [null], method annotated with @DirtiesContext [false] with mode [null]
21:50:11.080 [Test worker] DEBUG o.springframework.test.context.cache - Spring test ApplicationContext cache statistics: [DefaultContextCache@1d38cdde size = 1, maxSize = 32, parentContextCount = 0, hitCount = 199, missCount = 1]
21:50:11.080 [Test worker] DEBUG o.springframework.test.context.cache - Spring test ApplicationContext cache statistics: [DefaultContextCache@1d38cdde size = 1, maxSize = 32, parentContextCount = 0, hitCount = 200, missCount = 1]
21:50:11.080 [Test worker] DEBUG o.springframework.test.context.cache - Spring test ApplicationContext cache statistics: [DefaultContextCache@1d38cdde size = 1, maxSize = 32, parentContextCount = 0, hitCount = 201, missCount = 1]
21:50:11.080 [Test worker] DEBUG o.springframework.test.context.cache - Spring test ApplicationContext cache statistics: [DefaultContextCache@1d38cdde size = 1, maxSize = 32, parentContextCount = 0, hitCount = 202, missCount = 1]
21:50:11.084 [Test worker] DEBUG o.springframework.test.context.cache - Spring test ApplicationContext cache statistics: [DefaultContextCache@1d38cdde size = 1, maxSize = 32, parentContextCount = 0, hitCount = 203, missCount = 1]
21:50:11.084 [Test worker] DEBUG o.springframework.test.context.cache - Spring test ApplicationContext cache statistics: [DefaultContextCache@1d38cdde size = 1, maxSize = 32, parentContextCount = 0, hitCount = 204, missCount = 1]
21:50:11.084 [Test worker] DEBUG o.springframework.test.context.cache - Spring test ApplicationContext cache statistics: [DefaultContextCache@1d38cdde size = 1, maxSize = 32, parentContextCount = 0, hitCount = 205, missCount = 1]
21:50:11.085 [Test worker] DEBUG o.springframework.test.context.cache - Spring test ApplicationContext cache statistics: [DefaultContextCache@1d38cdde size = 1, maxSize = 32, parentContextCount = 0, hitCount = 206, missCount = 1]
21:50:11.086 [Test worker] DEBUG o.springframework.test.context.cache - Spring test ApplicationContext cache statistics: [DefaultContextCache@1d38cdde size = 1, maxSize = 32, parentContextCount = 0, hitCount = 207, missCount = 1]
21:50:11.087 [Test worker] DEBUG o.s.t.c.s.DirtiesContextTestExecutionListener - After test method: class [MissionCacheTest], method [uidToMissionContents], class annotated with @DirtiesContext [false] with mode [null], method annotated with @DirtiesContext [false] with mode [null]
21:50:11.087 [Test worker] DEBUG o.s.t.annotation.ProfileValueUtils - Retrieved @ProfileValueSourceConfiguration [null] for test class [tak.server.MissionCacheTest]
21:50:11.087 [Test worker] DEBUG o.s.t.annotation.ProfileValueUtils - Retrieved ProfileValueSource type [class org.springframework.test.annotation.SystemProfileValueSource] for class [tak.server.MissionCacheTest]
21:50:11.090 [Test worker] DEBUG o.s.t.c.s.DependencyInjectionTestExecutionListener - Performing dependency injection for test class tak.server.MissionCacheTest
21:50:11.090 [Test worker] DEBUG o.springframework.test.context.cache - Spring test ApplicationContext cache statistics: [DefaultContextCache@1d38cdde size = 1, maxSize = 32, parentContextCount = 0, hitCount = 208, missCount = 1]
21:50:11.090 [Test worker] DEBUG o.springframework.test.context.cache - Spring test ApplicationContext cache statistics: [DefaultContextCache@1d38cdde size = 1, maxSize = 32, parentContextCount = 0, hitCount = 209, missCount = 1]
21:50:11.093 [Test worker] DEBUG o.s.t.c.s.DirtiesContextBeforeModesTestExecutionListener - Before test method: class [MissionCacheTest], method [uidToMission], class annotated with @DirtiesContext [false] with mode [null], method annotated with @DirtiesContext [false] with mode [null]
21:50:11.094 [Test worker] DEBUG o.springframework.test.context.cache - Spring test ApplicationContext cache statistics: [DefaultContextCache@1d38cdde size = 1, maxSize = 32, parentContextCount = 0, hitCount = 210, missCount = 1]
21:50:11.094 [Test worker] DEBUG o.springframework.test.context.cache - Spring test ApplicationContext cache statistics: [DefaultContextCache@1d38cdde size = 1, maxSize = 32, parentContextCount = 0, hitCount = 211, missCount = 1]
21:50:11.094 [Test worker] DEBUG o.springframework.test.context.cache - Spring test ApplicationContext cache statistics: [DefaultContextCache@1d38cdde size = 1, maxSize = 32, parentContextCount = 0, hitCount = 212, missCount = 1]
21:50:11.094 [Test worker] DEBUG o.springframework.test.context.cache - Spring test ApplicationContext cache statistics: [DefaultContextCache@1d38cdde size = 1, maxSize = 32, parentContextCount = 0, hitCount = 213, missCount = 1]
21:50:11.094 [Test worker] DEBUG o.springframework.test.context.cache - Spring test ApplicationContext cache statistics: [DefaultContextCache@1d38cdde size = 1, maxSize = 32, parentContextCount = 0, hitCount = 214, missCount = 1]
21:50:11.095 [Test worker] DEBUG o.springframework.test.context.cache - Spring test ApplicationContext cache statistics: [DefaultContextCache@1d38cdde size = 1, maxSize = 32, parentContextCount = 0, hitCount = 215, missCount = 1]
21:50:11.095 [Test worker] DEBUG o.springframework.test.context.cache - Spring test ApplicationContext cache statistics: [DefaultContextCache@1d38cdde size = 1, maxSize = 32, parentContextCount = 0, hitCount = 216, missCount = 1]
21:50:11.095 [Test worker] DEBUG o.springframework.test.context.cache - Spring test ApplicationContext cache statistics: [DefaultContextCache@1d38cdde size = 1, maxSize = 32, parentContextCount = 0, hitCount = 217, missCount = 1]
21:50:11.095 [Test worker] DEBUG o.springframework.test.context.cache - Spring test ApplicationContext cache statistics: [DefaultContextCache@1d38cdde size = 1, maxSize = 32, parentContextCount = 0, hitCount = 218, missCount = 1]
21:50:11.095 [Test worker] DEBUG o.s.t.c.s.DirtiesContextTestExecutionListener - After test method: class [MissionCacheTest], method [uidToMission], class annotated with @DirtiesContext [false] with mode [null], method annotated with @DirtiesContext [false] with mode [null]
21:50:11.102 [Test worker] DEBUG o.springframework.test.context.cache - Spring test ApplicationContext cache statistics: [DefaultContextCache@1d38cdde size = 1, maxSize = 32, parentContextCount = 0, hitCount = 219, missCount = 1]
21:50:11.102 [Test worker] DEBUG o.s.t.c.s.DirtiesContextTestExecutionListener - After test class: class [MissionCacheTest], class annotated with @DirtiesContext [false] with mode [null]
]]></system-out>
  <system-err><![CDATA[]]></system-err>
</testsuite>
